Android/HOMIE FOREVER/app/build/intermediates/manifest_merge_blame_file/release/manifest-merger-blame-release-report.txt
1<?xml version="1.0" encoding="utf-8"?>
2<manifest xmlns:android="http://schemas.android.com/apk/res/android"
3    package="com.softment.phileome"
4    android:installLocation="auto"
5    android:versionCode="2"
6    android:versionName="2" >
7
8    <uses-sdk
9        android:minSdkVersion="21"
9-->src/main/AndroidManifest.xml
10        android:targetSdkVersion="30" />
10-->src/main/AndroidManifest.xml
11
12    <supports-screens
12-->src/main/AndroidManifest.xml:8:5-14:40
13        android:anyDensity="true"
13-->src/main/AndroidManifest.xml:9:9-34
14        android:largeScreens="true"
14-->src/main/AndroidManifest.xml:12:9-36
15        android:normalScreens="true"
15-->src/main/AndroidManifest.xml:13:9-37
16        android:resizeable="true"
16-->src/main/AndroidManifest.xml:10:9-34
17        android:smallScreens="true"
17-->src/main/AndroidManifest.xml:11:9-36
18        android:xlargeScreens="true" />
18-->src/main/AndroidManifest.xml:14:9-37
19<!--         Remove permissions that your app doesn't require, asking for authority over unwanted information can cause damage to your reputation among your users -->
20    <uses-permission android:name="android.permission.INTERNET" />
20-->src/main/AndroidManifest.xml:18:5-67
20-->src/main/AndroidManifest.xml:18:22-64
21    <uses-permission android:name="android.permission.ACCESS_NETWORK_STATE" />
21-->src/main/AndroidManifest.xml:19:5-79
21-->src/main/AndroidManifest.xml:19:22-76
22    <uses-permission android:name="android.permission.ACCESS_WIFI_STATE" />
22-->src/main/AndroidManifest.xml:20:5-76
22-->src/main/AndroidManifest.xml:20:22-73
23    <uses-permission android:name="android.permission.WRITE_EXTERNAL_STORAGE" />
23-->src/main/AndroidManifest.xml:21:2-115
23-->src/main/AndroidManifest.xml:21:19-75
24    <uses-permission android:name="android.permission.READ_EXTERNAL_STORAGE" />
24-->src/main/AndroidManifest.xml:22:2-77
24-->src/main/AndroidManifest.xml:22:19-74
25    <uses-permission android:name="android.permission.CAMERA" />
25-->src/main/AndroidManifest.xml:23:2-62
25-->src/main/AndroidManifest.xml:23:19-59
26    <uses-permission android:name="android.permission.RECORD_AUDIO" />
26-->src/main/AndroidManifest.xml:24:5-25:50
26-->src/main/AndroidManifest.xml:25:1-47
27    <uses-permission android:name="android.permission.MODIFY_AUDIO_SETTINGS" />
27-->src/main/AndroidManifest.xml:26:5-80
27-->src/main/AndroidManifest.xml:26:22-77
28
29    <uses-feature android:name="android.hardware.camera" />
29-->src/main/AndroidManifest.xml:28:1-56
29-->src/main/AndroidManifest.xml:28:15-53
30    <uses-feature android:name="android.hardware.camera.autofocus" />
30-->src/main/AndroidManifest.xml:29:5-70
30-->src/main/AndroidManifest.xml:29:19-67
31    <uses-feature android:name="android.hardware.microphone" />
31-->src/main/AndroidManifest.xml:30:5-64
31-->src/main/AndroidManifest.xml:30:19-61
32
33    <uses-permission android:name="android.permission.ACCESS_FINE_LOCATION" />
33-->src/main/AndroidManifest.xml:32:1-33:58
33-->src/main/AndroidManifest.xml:33:1-55
34    <uses-permission android:name="android.permission.VIBRATE" />
34-->src/main/AndroidManifest.xml:34:5-66
34-->src/main/AndroidManifest.xml:34:22-63
35
36    <!-- remove location.gps feature if not using permission ACCESS_FINE_LOCATION -->
37    <uses-feature android:name="android.hardware.location.gps" />
37-->src/main/AndroidManifest.xml:37:5-66
37-->src/main/AndroidManifest.xml:37:19-63
38    <uses-feature
38-->src/main/AndroidManifest.xml:38:5-90
39        android:name="android.hardware.touchscreen"
39-->src/main/AndroidManifest.xml:38:19-62
40        android:required="false" />
40-->src/main/AndroidManifest.xml:38:63-87
41
42    <application
42-->src/main/AndroidManifest.xml:40:5-73:19
43        android:allowBackup="true"
43-->src/main/AndroidManifest.xml:42:9-35
44        android:appComponentFactory="androidx.core.app.CoreComponentFactory"
44-->[androidx.core:core:1.3.1] AndroidManifest.xml:24:18-86
45        android:hardwareAccelerated="true"
45-->src/main/AndroidManifest.xml:47:3-37
46        android:icon="@mipmap/ic_launcher"
46-->src/main/AndroidManifest.xml:43:9-43
47        android:label="@string/app_name"
47-->src/main/AndroidManifest.xml:44:9-41
48        android:supportsRtl="true"
48-->src/main/AndroidManifest.xml:45:9-35
49        android:theme="@style/SplashTheme" >
49-->src/main/AndroidManifest.xml:46:9-43
50        <activity
50-->src/main/AndroidManifest.xml:49:9-57:20
51            android:name="com.softment.homieforever.SplashScreen"
51-->src/main/AndroidManifest.xml:50:13-66
52            android:label="@string/app_name"
52-->src/main/AndroidManifest.xml:51:13-45
53            android:screenOrientation="portrait" >
53-->src/main/AndroidManifest.xml:52:13-49
54            <intent-filter>
54-->src/main/AndroidManifest.xml:53:13-56:29
55                <action android:name="android.intent.action.MAIN" />
55-->src/main/AndroidManifest.xml:54:17-69
55-->src/main/AndroidManifest.xml:54:25-66
56
57                <category android:name="android.intent.category.LAUNCHER" />
57-->src/main/AndroidManifest.xml:55:17-77
57-->src/main/AndroidManifest.xml:55:27-74
58            </intent-filter>
59        </activity>
60        <activity
60-->src/main/AndroidManifest.xml:58:9-69:20
61            android:name="com.softment.homieforever.MainActivity"
61-->src/main/AndroidManifest.xml:59:13-66
62            android:screenOrientation="portrait" > <!-- remove or alter as your apps requirement -->
62-->src/main/AndroidManifest.xml:60:13-49
63            <intent-filter android:label="@string/app_name" >
63-->src/main/AndroidManifest.xml:61:13-68:29
63-->src/main/AndroidManifest.xml:61:28-60
64                <action android:name="android.intent.action.VIEW" />
64-->src/main/AndroidManifest.xml:62:17-69
64-->src/main/AndroidManifest.xml:62:25-66
65
66                <category android:name="android.intent.category.DEFAULT" />
66-->src/main/AndroidManifest.xml:63:17-76
66-->src/main/AndroidManifest.xml:63:27-73
67                <category android:name="android.intent.category.BROWSABLE" />
67-->src/main/AndroidManifest.xml:64:17-78
67-->src/main/AndroidManifest.xml:64:27-75
68
69                <data
69-->src/main/AndroidManifest.xml:65:17-67:50
70                    android:host="sngine.com"
70-->src/main/AndroidManifest.xml:66:21-46
71                    android:pathPrefix="/demo"
71-->src/main/AndroidManifest.xml:67:21-47
72                    android:scheme="https" /> <!-- if you want only a specific directory from your website to be opened in the app through external links -->
72-->src/main/AndroidManifest.xml:65:23-45
73            </intent-filter>
74        </activity>
75
76        <meta-data
76-->src/main/AndroidManifest.xml:70:9-72:69
77            android:name="com.google.android.gms.version"
77-->src/main/AndroidManifest.xml:71:13-58
78            android:value="@integer/google_play_services_version" />
78-->src/main/AndroidManifest.xml:72:13-66
79
80        <activity
80-->[com.google.android.gms:play-services-auth:17.0.0] AndroidManifest.xml:23:9-27:75
81            android:name="com.google.android.gms.auth.api.signin.internal.SignInHubActivity"
81-->[com.google.android.gms:play-services-auth:17.0.0] AndroidManifest.xml:24:13-93
82            android:excludeFromRecents="true"
82-->[com.google.android.gms:play-services-auth:17.0.0] AndroidManifest.xml:25:13-46
83            android:exported="false"
83-->[com.google.android.gms:play-services-auth:17.0.0] AndroidManifest.xml:26:13-37
84            android:theme="@android:style/Theme.Translucent.NoTitleBar" />
84-->[com.google.android.gms:play-services-auth:17.0.0] AndroidManifest.xml:27:13-72
85        <!--
86            Service handling Google Sign-In user revocation. For apps that do not integrate with
87            Google Sign-In, this service will never be started.
88        -->
89        <service
89-->[com.google.android.gms:play-services-auth:17.0.0] AndroidManifest.xml:33:9-36:110
90            android:name="com.google.android.gms.auth.api.signin.RevocationBoundService"
90-->[com.google.android.gms:play-services-auth:17.0.0] AndroidManifest.xml:34:13-89
91            android:exported="true"
91-->[com.google.android.gms:play-services-auth:17.0.0] AndroidManifest.xml:35:13-36
92            android:permission="com.google.android.gms.auth.api.signin.permission.REVOCATION_NOTIFICATION" />
92-->[com.google.android.gms:play-services-auth:17.0.0] AndroidManifest.xml:36:13-107
93
94        <activity
94-->[com.google.android.gms:play-services-base:17.0.0] AndroidManifest.xml:23:9-26:75
95            android:name="com.google.android.gms.common.api.GoogleApiActivity"
95-->[com.google.android.gms:play-services-base:17.0.0] AndroidManifest.xml:24:13-79
96            android:exported="false"
96-->[com.google.android.gms:play-services-base:17.0.0] AndroidManifest.xml:25:13-37
97            android:theme="@android:style/Theme.Translucent.NoTitleBar" />
97-->[com.google.android.gms:play-services-base:17.0.0] AndroidManifest.xml:26:13-72
98    </application>
99
100</manifest>